<?xml version="1.0" encoding="UTF-8"?>
<!-- Generated by org.testng.reporters.JUnitXMLReporter -->
<testsuite ignored="0" hostname="RAIKARGAJU" failures="0" tests="7" name="Scenarios" time="62.161" errors="0" timestamp="2023-12-12T15:49:49 IST">
  <testcase classname="assignmentWebAutomationTestNG.QAssignment1" name="launch" time="4.1"/>
  <testcase classname="assignmentWebAutomationTestNG.QAssignment1" name="navigate" time="5.769"/>
  <testcase classname="assignmentWebAutomationTestNG.QAssignment1" name="login" time="10.998"/>
  <testcase classname="assignmentWebAutomationTestNG.QAssignment1" name="create" time="22.846"/>
  <testcase classname="assignmentWebAutomationTestNG.QAssignment1" name="delete" time="12.314"/>
  <testcase classname="assignmentWebAutomationTestNG.QAssignment1" name="logout" time="5.598"/>
  <testcase classname="assignmentWebAutomationTestNG.QAssignment1" name="closeApplication" time="0.466"/>
</testsuite> <!-- Scenarios -->
