<?xml version="1.0" encoding="UTF-8"?>
<testng-results ignored="0" total="6" passed="6" failed="0" skipped="0">
  <reporter-output>
  </reporter-output>
  <suite started-at="2023-12-09T18:47:07 IST" name="Default suite" finished-at="2023-12-09T18:47:27 IST" duration-ms="20220">
    <groups>
    </groups>
    <test started-at="2023-12-09T18:47:07 IST" name="Default test" finished-at="2023-12-09T18:47:27 IST" duration-ms="20220">
      <class name="actiTime.LoginLogoutScenario">
        <test-method signature="launchBrowser()[pri:1, instance:actiTime.LoginLogoutScenario@7c24b813]" started-at="2023-12-09T18:47:07 IST" name="launchBrowser" finished-at="2023-12-09T18:47:11 IST" duration-ms="3797" status="PASS">
          <reporter-output>
          </reporter-output>
        </test-method> <!-- launchBrowser -->
        <test-method signature="navigate(java.lang.String)[pri:2, instance:actiTime.LoginLogoutScenario@7c24b813]" started-at="2023-12-09T18:47:11 IST" name="navigate" data-provider="navigateURL" finished-at="2023-12-09T18:47:15 IST" duration-ms="3785" status="PASS">
          <params>
            <param index="0">
              <value>
                <![CDATA[http://localhost/login.do]]>
              </value>
            </param>
          </params>
          <reporter-output>
          </reporter-output>
        </test-method> <!-- navigate -->
        <test-method signature="login(java.lang.String,java.lang.String)[pri:3, instance:actiTime.LoginLogoutScenario@7c24b813]" started-at="2023-12-09T18:47:15 IST" name="login" data-provider="loginData" finished-at="2023-12-09T18:47:22 IST" duration-ms="7350" status="PASS">
          <params>
            <param index="0">
              <value>
                <![CDATA[admin]]>
              </value>
            </param>
            <param index="1">
              <value>
                <![CDATA[manager]]>
              </value>
            </param>
          </params>
          <reporter-output>
          </reporter-output>
        </test-method> <!-- login -->
        <test-method signature="minimizeFlyOutWindow()[pri:4, instance:actiTime.LoginLogoutScenario@7c24b813]" started-at="2023-12-09T18:47:22 IST" name="minimizeFlyOutWindow" finished-at="2023-12-09T18:47:24 IST" duration-ms="2349" status="PASS">
          <reporter-output>
          </reporter-output>
        </test-method> <!-- minimizeFlyOutWindow -->
        <test-method signature="logout()[pri:5, instance:actiTime.LoginLogoutScenario@7c24b813]" started-at="2023-12-09T18:47:24 IST" name="logout" finished-at="2023-12-09T18:47:27 IST" duration-ms="2522" status="PASS">
          <reporter-output>
          </reporter-output>
        </test-method> <!-- logout -->
        <test-method signature="closeApplication()[pri:6, instance:actiTime.LoginLogoutScenario@7c24b813]" started-at="2023-12-09T18:47:27 IST" name="closeApplication" finished-at="2023-12-09T18:47:27 IST" duration-ms="353" status="PASS">
          <reporter-output>
          </reporter-output>
        </test-method> <!-- closeApplication -->
      </class> <!-- actiTime.LoginLogoutScenario -->
    </test> <!-- Default test -->
  </suite> <!-- Default suite -->
</testng-results>
