<?xml version="1.0" encoding="UTF-8"?>
<testng-results ignored="0" total="6" passed="6" failed="0" skipped="0">
  <reporter-output>
  </reporter-output>
  <suite started-at="2023-12-12T11:51:22 IST" name="ActiTime Scenarios" finished-at="2023-12-12T11:51:46 IST" duration-ms="24349">
    <groups>
    </groups>
    <test started-at="2023-12-12T11:51:22 IST" name="Scenarios" finished-at="2023-12-12T11:51:46 IST" duration-ms="24349">
      <class name="actiTime.LoginLogoutScenario">
        <test-method signature="launchBrowser()[pri:1, instance:actiTime.LoginLogoutScenario@5acf93bb]" started-at="2023-12-12T11:51:22 IST" name="launchBrowser" finished-at="2023-12-12T11:51:24 IST" duration-ms="2631" status="PASS">
          <reporter-output>
          </reporter-output>
        </test-method> <!-- launchBrowser -->
        <test-method signature="navigate(java.lang.String)[pri:2, instance:actiTime.LoginLogoutScenario@5acf93bb]" started-at="2023-12-12T11:51:24 IST" name="navigate" data-provider="navigateURL" finished-at="2023-12-12T11:51:30 IST" duration-ms="5384" status="PASS">
          <params>
            <param index="0">
              <value>
                <![CDATA[http://localhost/login.do]]>
              </value>
            </param>
          </params>
          <reporter-output>
          </reporter-output>
        </test-method> <!-- navigate -->
        <test-method signature="login(java.lang.String,java.lang.String)[pri:3, instance:actiTime.LoginLogoutScenario@5acf93bb]" started-at="2023-12-12T11:51:30 IST" name="login" data-provider="loginData" finished-at="2023-12-12T11:51:35 IST" duration-ms="5353" status="PASS">
          <params>
            <param index="0">
              <value>
                <![CDATA[admin]]>
              </value>
            </param>
            <param index="1">
              <value>
                <![CDATA[manager]]>
              </value>
            </param>
          </params>
          <reporter-output>
          </reporter-output>
        </test-method> <!-- login -->
        <test-method signature="minimizeFlyOutWindow()[pri:4, instance:actiTime.LoginLogoutScenario@5acf93bb]" started-at="2023-12-12T11:51:35 IST" name="minimizeFlyOutWindow" finished-at="2023-12-12T11:51:40 IST" duration-ms="5103" status="PASS">
          <reporter-output>
          </reporter-output>
        </test-method> <!-- minimizeFlyOutWindow -->
        <test-method signature="logout()[pri:5, instance:actiTime.LoginLogoutScenario@5acf93bb]" started-at="2023-12-12T11:51:40 IST" name="logout" finished-at="2023-12-12T11:51:46 IST" duration-ms="5554" status="PASS">
          <reporter-output>
          </reporter-output>
        </test-method> <!-- logout -->
        <test-method signature="closeApplication()[pri:6, instance:actiTime.LoginLogoutScenario@5acf93bb]" started-at="2023-12-12T11:51:46 IST" name="closeApplication" finished-at="2023-12-12T11:51:46 IST" duration-ms="259" status="PASS">
          <reporter-output>
          </reporter-output>
        </test-method> <!-- closeApplication -->
      </class> <!-- actiTime.LoginLogoutScenario -->
    </test> <!-- Scenarios -->
  </suite> <!-- ActiTime Scenarios -->
</testng-results>
