<?xml version="1.0" encoding="UTF-8"?>
<!-- Generated by org.testng.reporters.JUnitXMLReporter -->
<testsuite ignored="0" hostname="RAIKARGAJU" failures="0" tests="3" name="Default test" time="0.048" errors="0" timestamp="2023-12-11T14:58:20 IST">
  <testcase classname="products.Products" name="createProduct" time="0.004"/>
  <testcase classname="products.Products" name="deleteProduct" time="0.002"/>
  <testcase classname="products.Products" name="modifyProduct" time="0.001"/>
</testsuite> <!-- Default test -->
