<?xml version="1.0" encoding="UTF-8"?>
<!-- Generated by org.testng.reporters.JUnitXMLReporter -->
<testsuite ignored="0" hostname="RAIKARGAJU" failures="0" tests="6" name="Scenarios" time="24.349" errors="0" timestamp="2023-12-12T11:51:46 IST">
  <testcase classname="actiTime.LoginLogoutScenario" name="launchBrowser" time="2.631"/>
  <testcase classname="actiTime.LoginLogoutScenario" name="navigate" time="5.384"/>
  <testcase classname="actiTime.LoginLogoutScenario" name="login" time="5.353"/>
  <testcase classname="actiTime.LoginLogoutScenario" name="minimizeFlyOutWindow" time="5.103"/>
  <testcase classname="actiTime.LoginLogoutScenario" name="logout" time="5.554"/>
  <testcase classname="actiTime.LoginLogoutScenario" name="closeApplication" time="0.259"/>
</testsuite> <!-- Scenarios -->
