<?xml version="1.0" encoding="UTF-8"?>
<testng-results ignored="0" total="7" passed="7" failed="0" skipped="0">
  <reporter-output>
  </reporter-output>
  <suite started-at="2023-12-15T14:45:42 IST" name="Default suite" finished-at="2023-12-15T14:47:20 IST" duration-ms="97999">
    <groups>
    </groups>
    <test started-at="2023-12-15T14:45:42 IST" name="Default test" finished-at="2023-12-15T14:47:20 IST" duration-ms="97999">
      <class name="assignmentWebAutomationTestNG.QAssignment1">
        <test-method signature="launch()[pri:1, instance:assignmentWebAutomationTestNG.QAssignment1@543588e6]" started-at="2023-12-15T14:45:42 IST" name="launch" finished-at="2023-12-15T14:46:10 IST" duration-ms="28172" status="PASS">
          <reporter-output>
          </reporter-output>
        </test-method> <!-- launch -->
        <test-method signature="navigate(java.lang.String)[pri:2, instance:assignmentWebAutomationTestNG.QAssignment1@543588e6]" started-at="2023-12-15T14:46:10 IST" name="navigate" data-provider="navigateURL" finished-at="2023-12-15T14:46:15 IST" duration-ms="4784" status="PASS">
          <params>
            <param index="0">
              <value>
                <![CDATA[http://localhost/login.do]]>
              </value>
            </param>
          </params>
          <reporter-output>
          </reporter-output>
        </test-method> <!-- navigate -->
        <test-method signature="login(java.lang.String,java.lang.String)[pri:3, instance:assignmentWebAutomationTestNG.QAssignment1@543588e6]" started-at="2023-12-15T14:46:15 IST" name="login" data-provider="loginData" finished-at="2023-12-15T14:46:34 IST" duration-ms="19224" status="PASS">
          <params>
            <param index="0">
              <value>
                <![CDATA[admin]]>
              </value>
            </param>
            <param index="1">
              <value>
                <![CDATA[manager]]>
              </value>
            </param>
          </params>
          <reporter-output>
          </reporter-output>
        </test-method> <!-- login -->
        <test-method signature="create()[pri:4, instance:assignmentWebAutomationTestNG.QAssignment1@543588e6]" started-at="2023-12-15T14:46:34 IST" name="create" finished-at="2023-12-15T14:47:02 IST" duration-ms="27649" status="PASS">
          <reporter-output>
          </reporter-output>
        </test-method> <!-- create -->
        <test-method signature="delete()[pri:5, instance:assignmentWebAutomationTestNG.QAssignment1@543588e6]" started-at="2023-12-15T14:47:02 IST" name="delete" finished-at="2023-12-15T14:47:14 IST" duration-ms="12341" status="PASS">
          <reporter-output>
          </reporter-output>
        </test-method> <!-- delete -->
        <test-method signature="logout()[pri:6, instance:assignmentWebAutomationTestNG.QAssignment1@543588e6]" started-at="2023-12-15T14:47:14 IST" name="logout" finished-at="2023-12-15T14:47:19 IST" duration-ms="5317" status="PASS">
          <reporter-output>
          </reporter-output>
        </test-method> <!-- logout -->
        <test-method signature="closeApplication()[pri:7, instance:assignmentWebAutomationTestNG.QAssignment1@543588e6]" started-at="2023-12-15T14:47:19 IST" name="closeApplication" finished-at="2023-12-15T14:47:20 IST" duration-ms="462" status="PASS">
          <reporter-output>
          </reporter-output>
        </test-method> <!-- closeApplication -->
      </class> <!-- assignmentWebAutomationTestNG.QAssignment1 -->
    </test> <!-- Default test -->
  </suite> <!-- Default suite -->
</testng-results>
