<?xml version="1.0" encoding="UTF-8"?>
<!-- Generated by org.testng.reporters.JUnitXMLReporter -->
<testsuite ignored="0" hostname="RAIKARGAJU" failures="0" tests="6" name="Default test" time="25.922" errors="0" timestamp="2023-12-12T11:49:10 IST">
  <testcase classname="actiTime.LoginLogoutScenario" name="launchBrowser" time="3.626"/>
  <testcase classname="actiTime.LoginLogoutScenario" name="navigate" time="5.828"/>
  <testcase classname="actiTime.LoginLogoutScenario" name="login" time="5.327"/>
  <testcase classname="actiTime.LoginLogoutScenario" name="minimizeFlyOutWindow" time="5.133"/>
  <testcase classname="actiTime.LoginLogoutScenario" name="logout" time="5.611"/>
  <testcase classname="actiTime.LoginLogoutScenario" name="closeApplication" time="0.348"/>
</testsuite> <!-- Default test -->
