<?xml version="1.0" encoding="UTF-8"?>
<!-- Generated by org.testng.reporters.JUnitXMLReporter -->
<testsuite ignored="0" hostname="RAIKARGAJU" failures="0" tests="6" name="Default test" time="20.22" errors="0" timestamp="2023-12-09T18:47:27 IST">
  <testcase classname="actiTime.LoginLogoutScenario" name="launchBrowser" time="3.797"/>
  <testcase classname="actiTime.LoginLogoutScenario" name="navigate" time="3.785"/>
  <testcase classname="actiTime.LoginLogoutScenario" name="login" time="7.35"/>
  <testcase classname="actiTime.LoginLogoutScenario" name="minimizeFlyOutWindow" time="2.349"/>
  <testcase classname="actiTime.LoginLogoutScenario" name="logout" time="2.522"/>
  <testcase classname="actiTime.LoginLogoutScenario" name="closeApplication" time="0.353"/>
</testsuite> <!-- Default test -->
