<?xml version="1.0" encoding="UTF-8"?>
<testng-results ignored="0" total="3" passed="3" failed="0" skipped="0">
  <reporter-output>
  </reporter-output>
  <suite started-at="2023-12-11T14:58:19 IST" name="Default suite" finished-at="2023-12-11T14:58:20 IST" duration-ms="48">
    <groups>
    </groups>
    <test started-at="2023-12-11T14:58:19 IST" name="Default test" finished-at="2023-12-11T14:58:20 IST" duration-ms="48">
      <class name="products.Products">
        <test-method is-config="true" signature="setUp()[pri:0, instance:products.Products@7133da86]" started-at="2023-12-11T14:58:19 IST" name="setUp" finished-at="2023-12-11T14:58:19 IST" duration-ms="6" status="PASS">
          <reporter-output>
          </reporter-output>
        </test-method> <!-- setUp -->
        <test-method signature="createProduct()[pri:0, instance:products.Products@7133da86]" started-at="2023-12-11T14:58:19 IST" name="createProduct" finished-at="2023-12-11T14:58:20 IST" duration-ms="4" status="PASS">
          <reporter-output>
          </reporter-output>
        </test-method> <!-- createProduct -->
        <test-method signature="deleteProduct()[pri:0, instance:products.Products@7133da86]" started-at="2023-12-11T14:58:20 IST" name="deleteProduct" finished-at="2023-12-11T14:58:20 IST" duration-ms="2" status="PASS">
          <reporter-output>
          </reporter-output>
        </test-method> <!-- deleteProduct -->
        <test-method signature="modifyProduct()[pri:0, instance:products.Products@7133da86]" started-at="2023-12-11T14:58:20 IST" name="modifyProduct" finished-at="2023-12-11T14:58:20 IST" duration-ms="1" status="PASS">
          <reporter-output>
          </reporter-output>
        </test-method> <!-- modifyProduct -->
        <test-method is-config="true" signature="tearDown()[pri:0, instance:products.Products@7133da86]" started-at="2023-12-11T14:58:20 IST" name="tearDown" finished-at="2023-12-11T14:58:20 IST" duration-ms="0" status="PASS">
          <reporter-output>
          </reporter-output>
        </test-method> <!-- tearDown -->
      </class> <!-- products.Products -->
    </test> <!-- Default test -->
  </suite> <!-- Default suite -->
</testng-results>
