<?xml version="1.0" encoding="UTF-8"?>
<!-- Generated by org.testng.reporters.JUnitXMLReporter -->
<testsuite ignored="0" hostname="RAIKARGAJU" failures="0" tests="7" name="Default test" time="97.999" errors="0" timestamp="2023-12-15T14:47:20 IST">
  <testcase classname="assignmentWebAutomationTestNG.QAssignment1" name="launch" time="28.172"/>
  <testcase classname="assignmentWebAutomationTestNG.QAssignment1" name="navigate" time="4.784"/>
  <testcase classname="assignmentWebAutomationTestNG.QAssignment1" name="login" time="19.224"/>
  <testcase classname="assignmentWebAutomationTestNG.QAssignment1" name="create" time="27.649"/>
  <testcase classname="assignmentWebAutomationTestNG.QAssignment1" name="delete" time="12.341"/>
  <testcase classname="assignmentWebAutomationTestNG.QAssignment1" name="logout" time="5.317"/>
  <testcase classname="assignmentWebAutomationTestNG.QAssignment1" name="closeApplication" time="0.462"/>
</testsuite> <!-- Default test -->
